<?xml version="1.0" encoding="UTF-8"?>
<testng-results skipped="0" failed="0" ignored="0" total="1" passed="1">
  <reporter-output>
  </reporter-output>
  <suite name="Default suite" duration-ms="64" started-at="2017-05-02T18:02:52Z" finished-at="2017-05-02T18:02:52Z">
    <groups>
    </groups>
    <test name="Default test" duration-ms="64" started-at="2017-05-02T18:02:52Z" finished-at="2017-05-02T18:02:52Z">
      <class name="test.Headless_HtmlUnit">
        <test-method status="PASS" signature="basic_test()[pri:0, instance:test.Headless_HtmlUnit@cc285f4]" name="basic_test" duration-ms="23" started-at="2017-05-02T14:02:52Z" finished-at="2017-05-02T14:02:52Z">
          <reporter-output>
          </reporter-output>
        </test-method> <!-- basic_test -->
      </class> <!-- test.Headless_HtmlUnit -->
    </test> <!-- Default test -->
  </suite> <!-- Default suite -->
</testng-results>
